==========================================================
metadata/email.edges
is_perm = False, has_noise = True, GraphType = Undirected
bandNumber = 1, adaptiveLSH = False, LSHType = Cosine
noise_level = 0.05, nodeAttributeFile = None
matching score by ranking: 0.287018
matching score by correct match: 0.082966
percentage of pairs computed: 0.033397
best   iter    obj_ma wght_ma card_ma over_ma    obj_mb wght_mb card_mb over_mb
  *a      1       388 757.818     771     388       388 757.818     771     388
          2        63 398.613     405      63        43 319.064     324      43
          3       158 348.493     353     158       102 335.333     340     102
          4        63 203.556     206      63        66 214.985     218      66
          5       244  681.11     696     244       248 680.277     695     248
          6       354 710.758     723     354       353 698.551     711     353
          7       183 433.753     440     183       143 374.269     380     143
          8       107 334.403     340     107        74 305.083     310      74
          9        31 126.459     128      31        26 138.361     140      26
         10        86 254.219     258      86        86 255.253     259      86
         11       232 630.142     642     232       234 631.188     643     234
         12       346 709.042     723     346       346 704.927     720     346
         13       354 600.534     610     354       336 568.225     577     336
         14       104 322.995     330     104        81 297.426     303      81
         15        64 198.651     201      64        62 200.905     203      62
         16        43 163.368     165      43        39 163.368     165      39
         17        80 241.702     245      80        80 244.755     248      80
         18       178 407.345     414     178       175 411.138     418     175
  *a     19       389 659.602     673     389       384 671.799     685     384
  *b     20       556 695.142     707     556       568 687.865     700     568
  *a     21       586 679.934     691     586       556  650.47     660     556
         22       324 483.023     492     324       214 442.972     450     214
         23       186 332.482     337     186       128 329.735     334     128
         24        71 233.153     236      71        61  243.07     246      61
         25        69 228.275     231      69        70 231.259     234      70
         26       106 264.397     268     106       106 264.451     268     106
         27       180 324.721     329     180       177 324.692     329     177
         28       290 426.288     433     290       299 432.439     439     299
         29       474 587.716     598     474       480 587.687     598     480
  *b     30       806 669.976     681     806       820 663.951     675     820
  *a     31      1030 669.577     679    1030      1030 653.502     663    1030
  *a     32      1041 658.284     668    1041       990 640.923     650     990
         33       960 586.024     594     960       892 601.682     610     892
         34       781 515.277     521     781       824 544.278     551     824
         35       679 487.345     493     679       737 510.884     517     737
         36       724 495.259     501     724       763  504.16     510     763
         37       777 515.707     522     777       779 515.722     522     779
         38       872 538.242     545     872       868  538.17     545     868
         39       935 559.722     567     935       919 560.751     568     919
         40       983 577.158     585     983       978 576.021     584     978
  *b     41      1067 596.739     605    1067      1068 594.749     603    1068
  *b     42      1137 615.614     624    1137      1139 613.517     622    1139
  *a     43      1176 623.418     632    1176      1175 620.354     629    1175
  *b     44      1201 623.265     632    1201      1206 624.186     633    1206
  *b     45      1206 624.229     633    1206      1209 624.366     633    1209
  *b     46      1216 626.019     635    1216      1221 626.879     636    1221
  *b     47      1220 626.948     636    1220      1223 627.889     637    1223
  *a     48      1225 627.824     637    1225      1225 628.784     638    1225
  *b     49      1228 630.741     640    1228      1232 630.714     640    1232
  *b     50      1240 635.603     645    1240      1241  636.57     646    1241
  *a     51      1242 637.483     647    1242      1242 637.484     647    1242
  *a     52      1244 637.484     647    1244      1244 637.484     647    1244
  *a     53      1245 637.519     647    1245      1244 636.541     646    1244
         54      1245 638.498     648    1245      1244  637.52     647    1244
         55      1245 643.425     653    1245      1244 643.433     653    1244
  *a     56      1247 648.377     658    1247      1246 647.399     657    1246
  *a     57      1248 649.233     659    1248      1247 648.255     658    1247
  *a     58      1249 650.193     660    1249      1249 650.193     660    1249
         59      1249 650.193     660    1249      1249 650.193     660    1249
  *a     60      1250  650.24     660    1250      1249 649.269     659    1249
         61      1250  650.24     660    1250      1249  649.27     659    1249
         62      1250  650.24     660    1250      1249  649.27     659    1249
         63      1250  650.24     660    1250      1248 648.292     658    1248
         64      1250  650.24     660    1250      1249 649.262     659    1249
         65      1250  650.24     660    1250      1249 649.262     659    1249
         66      1249 649.296     659    1249      1249 649.296     659    1249
         67      1249 649.296     659    1249      1249 649.297     659    1249
         68      1249 649.297     659    1249      1249 649.297     659    1249
         69      1249 649.297     659    1249      1249 649.297     659    1249
         70      1249 649.297     659    1249      1249 649.296     659    1249
         71      1249 649.296     659    1249      1249 649.296     659    1249
         72      1249 649.296     659    1249      1249 649.296     659    1249
         73      1250 650.274     660    1250      1250 650.274     660    1250
         74      1250 650.274     660    1250      1250 650.274     660    1250
         75      1250 650.274     660    1250      1250 650.274     660    1250
         76      1250 650.274     660    1250      1250 650.274     660    1250
         77      1250 650.274     660    1250      1249 649.296     659    1249
         78      1250 650.274     660    1250      1249 649.296     659    1249
         79      1250 650.274     660    1250      1249 649.297     659    1249
         80      1249 649.296     659    1249      1249 649.297     659    1249
         81      1249 649.297     659    1249      1249 649.297     659    1249
         82      1249 649.297     659    1249      1249 649.296     659    1249
         83      1249 646.311     656    1249      1249 646.311     656    1249
         84      1249 644.351     654    1249      1249 644.351     654    1249
         85      1249 640.399     650    1249      1249 640.399     650    1249
         86      1249 639.419     649    1249      1249  639.42     649    1249
         87      1249  639.42     649    1249      1249  639.42     649    1249
         88      1249  639.42     649    1249      1249  639.42     649    1249
         89      1249  639.42     649    1249      1249 639.419     649    1249
         90      1249  639.42     649    1249      1249 639.419     649    1249
         91      1249 639.419     649    1249      1249 639.419     649    1249
         92      1249 639.419     649    1249      1249  639.42     649    1249
         93      1249 639.419     649    1249      1249 639.419     649    1249
         94      1249 639.419     649    1249      1249 639.419     649    1249
         95      1249  638.44     648    1249      1249  638.44     648    1249
         96      1249  638.44     648    1249      1249  638.44     648    1249
         97      1249  638.44     648    1249      1249  638.44     648    1249
         98      1249 638.461     648    1249      1249 638.461     648    1249
         99      1249 638.461     648    1249      1249 638.461     648    1249
        100      1249 638.461     648    1249      1249 638.461     648    1249
netalign score: 0.378788
==========================================================
metadata/email.edges
is_perm = False, has_noise = True, GraphType = Undirected
bandNumber = 1, adaptiveLSH = False, LSHType = Cosine
noise_level = 0.05, nodeAttributeFile = None
matching score by ranking: 0.279282
matching score by correct match: 0.090909
percentage of pairs computed: 0.046923
best   iter    obj_ma wght_ma card_ma over_ma    obj_mb wght_mb card_mb over_mb
  *a      1       443 784.553     799     443       443 784.553     799     443
          2        72 323.923     330      72        82 311.191     317      82
          3       158 295.265     300     158       158 296.078     301     158
          4       115  280.21     285     115       131 293.815     299     131
          5       338 716.371     733     338       316 708.164     724     316
  *b      6       437 744.953     759     437       475  723.84     737     475
          7       272 477.622     486     272       291 513.868     523     291
          8        85 289.276     296      85        91  310.32     316      91
          9        67 163.458     166      67        73 188.949     192      73
         10       180 344.894     351     180       185 347.202     353     185
         11       264 587.707     599     264       269 588.217     599     269
  *a     12       502 707.212     721     502       499 707.286     722     499
  *a     13       551  683.42     695     551       530 693.625     706     530
         14       286 497.024     507     286       367 530.279     540     367
         15       180 348.341     356     180       242 403.046     410     242
         16       135 223.924     227     135       168 254.642     258     168
         17       199 276.057     280     199       207 282.941     287     207
         18       367 452.528     460     367       365  457.52     465     365
  *a     19       595 652.526     664     595       569 638.574     650     569
  *a     20       810 720.632     734     810       746 723.308     737     746
  *a     21       888 689.475     701     888       854 698.675     711     854
         22       833 634.488     645     833       812 660.253     671     812
         23       521 495.335     504     521       653  546.72     556     653
         24       492 385.724     391     492       544 415.627     421     544
         25       524 363.396     368     524       544 386.933     392     544
         26       592 414.255     420     592       584  412.32     418     584
         27       695 479.294     486     695       713 483.271     490     713
         28       845 578.474     587     845       854 575.617     584     854
  *b     29      1138  678.36     688    1138      1146 683.099     693    1146
  *b     30      1265 700.977     711    1265      1272 701.972     712    1272
  *a     31      1302 692.219     702    1302      1298 699.764     710    1298
  *b     32      1311 667.247     677    1311      1316 682.928     693    1316
  *b     33      1318 665.297     675    1318      1321 663.329     673    1321
  *a     34      1338 675.036     685    1338      1334 671.483     681    1334
  *b     35      1344 674.381     684    1344      1348 674.278     684    1348
  *b     36      1351  678.19     688    1351      1356 680.828     691    1356
  *b     37      1361  684.11     694    1361      1364 688.454     699    1364
  *b     38      1362 685.703     696    1362      1366 689.611     700    1366
         39      1362 684.539     695    1362      1366 690.775     701    1366
  *b     40      1369 689.654     700    1369      1371 692.698     703    1371
  *a     41      1372 691.509     702    1372      1372 690.473     701    1372
         42      1371 689.491     700    1371      1372 690.309     701    1372
  *a     43      1373 691.294     702    1373      1372 690.324     701    1372
         44      1372 691.056     702    1372      1371 690.255     701    1371
         45      1373 692.105     703    1373      1372 691.263     702    1372
         46      1372 691.279     702    1372      1372 691.231     702    1372
         47      1372 691.279     702    1372      1371 690.077     701    1371
         48      1372 691.093     702    1372      1369 689.115     700    1369
         49      1366  690.08     701    1366      1362 688.137     699    1362
         50      1373 691.116     702    1373      1370 690.277     701    1370
         51      1373 691.192     702    1373      1372  690.28     701    1372
         52      1373 691.273     702    1373      1372 690.134     701    1372
         53      1365 688.288     699    1365      1367 690.115     701    1367
         54      1365 688.247     699    1365      1367 690.216     701    1367
         55      1367 691.178     702    1367      1368 692.263     703    1368
         56      1367 691.284     702    1367      1368 692.306     703    1368
  *b     57      1373 692.275     703    1373      1374 693.293     704    1374
         58      1374 693.305     704    1374      1374 693.195     704    1374
         59      1373 692.206     703    1373      1374 693.168     704    1374
         60      1373 692.206     703    1373      1374 693.198     704    1374
         61      1373 692.209     703    1373      1374 693.286     704    1374
         62      1374 693.296     704    1374      1374 693.286     704    1374
         63      1373 692.287     703    1373      1373 692.293     703    1373
         64      1373 692.237     703    1373      1373 692.195     703    1373
         65      1373 692.196     703    1373      1373 692.169     703    1373
         66      1373 692.196     703    1373      1373 692.299     703    1373
         67      1373 692.207     703    1373      1373 692.297     703    1373
         68      1373 692.297     703    1373      1373 692.287     703    1373
         69      1373 692.297     703    1373      1373 692.145     703    1373
         70      1372 691.261     702    1372      1373 692.196     703    1373
         71      1372 691.151     702    1372      1373 692.196     703    1373
         72      1372 691.207     702    1372      1373  692.31     703    1373
         73      1374 693.267     704    1374      1374 693.304     704    1374
         74      1374  693.35     704    1374      1374 693.321     704    1374
         75      1374 693.331     704    1374      1374 693.284     704    1374
         76      1374 693.284     704    1374      1374 693.185     704    1374
         77      1374 693.185     704    1374      1374  693.23     704    1374
         78      1373 692.174     703    1373      1374 693.267     704    1374
         79      1373 692.231     703    1373      1374  693.35     704    1374
         80      1373 692.361     703    1373      1372 691.363     702    1372
         81      1373 692.351     703    1373      1372 691.308     702    1372
         82      1373  692.34     703    1373      1372  691.21     702    1372
         83      1373 692.203     703    1373      1372  691.21     702    1372
         84      1373 691.217     702    1373      1372 690.322     701    1372
         85      1373 691.217     702    1373      1372  690.42     701    1372
         86      1372 690.322     701    1372      1372  690.42     701    1372
         87      1372  690.42     701    1372      1372 690.404     701    1372
         88      1372  690.42     701    1372      1372 690.256     701    1372
         89      1372 690.367     701    1372      1372  690.24     701    1372
         90      1372  690.25     701    1372      1372  690.24     701    1372
         91      1372  690.24     701    1372      1372 690.303     701    1372
         92      1372  690.24     701    1372      1372  690.42     701    1372
         93      1372 690.277     701    1372      1372  690.42     701    1372
         94      1373 691.397     702    1373      1373 691.344     702    1373
         95      1373 691.397     702    1373      1373 691.252     702    1373
         96      1373 691.344     702    1373      1373 691.236     702    1373
         97      1373 691.246     702    1373      1373 691.236     702    1373
         98      1373 690.525     701    1373      1373 690.553     701    1373
         99      1373 690.516     701    1373      1373 690.676     701    1373
        100      1373 690.626     701    1373      1373 690.676     701    1373
netalign score: 0.438920
==========================================================
metadata/email.edges
is_perm = False, has_noise = True, GraphType = Undirected
bandNumber = 1, adaptiveLSH = False, LSHType = Cosine
noise_level = 0.05, nodeAttributeFile = None
matching score by ranking: 0.261231
matching score by correct match: 0.092674
percentage of pairs computed: 0.048255
best   iter    obj_ma wght_ma card_ma over_ma    obj_mb wght_mb card_mb over_mb
  *a      1       354 802.835     818     354       354 802.835     818     354
          2        85 440.768     451      85        91 392.353     399      91
          3       124 391.542     399     124       213 428.661     436     213
          4        67 347.399     355      67        78 363.478     371      78
          5       312 697.817     713     312       273 692.449     708     273
  *a      6       389 750.164     764     389       357  758.95     773     357
          7       214  438.43     447     214       191 435.837     444     191
          8       112 310.885     317     112       154 377.198     384     154
          9        84 230.681     235      84        76 246.423     251      76
         10       216  519.05     531     216       214 529.833     542     214
         11       382 740.026     756     382       379 743.257     759     379
  *a     12       446 709.059     722     446       440 704.511     717     440
         13       301  517.53     527     301       303 495.382     504     303
         14       112 320.985     327     112       126 333.224     339     126
         15       101 233.991     238     101       129 248.897     253     129
         16       154 319.776     325     154       152 325.639     331     152
         17       289 565.158     577     289       289 568.477     580     289
         18       438  716.31     731     438       439 726.134     741     439
  *b     19       511   701.4     714     511       523 716.189     729     523
         20       465 588.845     599     465       476 561.709     571     476
         21       357  432.72     439     357       367 456.466     464     367
         22       185 323.467     328     185       242 365.596     371     242
         23       198 328.481     333     198       255 351.277     356     255
         24       255 393.885     400     255       262 397.027     403     262
         25       382   535.5     545     382       387 538.629     548     387
         26       492 640.538     652     492       495 641.269     653     495
  *a     27       689 712.649     725     689       680 716.518     729     680
  *a     28       813 693.421     705     813       779 686.887     698     779
         29       767 627.675     637     767       745 626.588     636     745
         30       692 578.733     587     692       707 581.828     590     707
         31       641 546.288     554     641       662  559.86     568     662
         32       632 540.229     548     632       652 551.112     559     652
         33       660 555.703     564     660       652 563.757     572     652
         34       740  603.64     613     740       727  598.74     608     727
         35       800 633.436     643     800       799 633.981     644     799
  *a     36       859 661.676     672     859       857 660.906     671     857
  *a     37       896 679.198     690     896       895 679.329     690     895
  *b     38       930 681.335     692     930       937 679.523     690     937
  *b     39       946 674.707     685     946       958 679.511     690     958
  *a     40       967 678.522     689     967       962 675.526     686     962
         41       951 675.608     686     951       963 679.426     690     963
         42       955 675.645     686     955       962  677.59     688     962
         43       956 678.492     689     956       963 677.624     688     963
  *b     44       963  680.64     691     963       969 683.586     694     969
  *b     45       963 680.682     691     963       975 685.543     696     975
  *b     46       972 685.483     696     972       976 686.482     697     976
  *b     47       975  686.49     697     975       978 687.483     698     978
  *a     48       980 685.468     696     980       978 685.523     696     978
  *a     49       981 686.468     697     981       981 688.429     699     981
  *a     50       985 689.327     700     985       985 689.333     700     985
         51       983 690.292     701     983       984 689.331     700     984
  *b     52       986 694.207     705     986       987 694.243     705     987
  *a     53       989 696.155     707     989       982 695.139     706     982
         54       986 695.222     706     986       981 695.212     706     981
         55       988  693.26     704     988       984  695.17     706     984
  *a     56       990 694.239     705     990       989 693.308     704     989
         57       988 692.342     703     988       989 693.289     704     989
         58       988 692.323     703     988       989 693.289     704     989
  *b     59       990 694.271     705     990       992 696.194     707     992
         60       990 694.263     705     990       991 695.255     706     991
         61       990 694.263     705     990       982 693.284     704     982
         62       990 694.316     705     990       983 694.276     705     983
         63       991 694.308     705     991       984 695.207     706     984
  *a     64       993 696.239     707     993       984 695.203     706     984
         65       993 697.178     708     993       984 695.203     706     984
         66       992 696.201     707     992       992 696.201     707     992
         67       992 696.201     707     992       992  696.22     707     992
         68       992 696.234     707     992       993 697.211     708     993
         69       990   694.3     705     990       993 697.211     708     993
         70       990   694.3     705     990       993 697.192     708     993
         71       990   694.3     705     990       992 696.234     707     992
         72       991 695.254     706     991       991 695.254     706     991
         73       991 695.254     706     991       991 695.254     706     991
         74       992 696.212     707     992       984 695.233     706     984
         75       993 697.192     708     993       985 696.213     707     985
         76       993 697.211     708     993       985 696.213     707     985
         77       993 697.211     708     993       985 696.194     707     985
         78       993 697.219     708     993       985 696.202     707     985
         79       993 697.219     708     993       985 696.202     707     985
         80       993   697.2     708     993       993   697.2     708     993
         81       993   697.2     708     993       993 697.219     708     993
         82       993   697.2     708     993       993 697.219     708     993
         83       993 697.219     708     993       993 697.219     708     993
         84       993 697.219     708     993       993 697.219     708     993
         85       993 697.219     708     993       985 696.202     707     985
         86       993 696.228     707     993       985 695.211     706     985
         87       993 696.228     707     993       993 696.209     707     993
         88       993 695.246     706     993       993 695.265     706     993
         89       993 695.246     706     993       993 695.265     706     993
         90       993 695.265     706     993       993 695.265     706     993
         91       993 695.265     706     993       993 695.265     706     993
         92       993 695.265     706     993       993 695.265     706     993
         93       993 695.265     706     993       993 695.265     706     993
         94       993 695.265     706     993       993 695.265     706     993
         95       993 695.265     706     993       993 695.265     706     993
         96       993 695.265     706     993       993 695.265     706     993
         97       993 695.265     706     993       993 695.265     706     993
         98       993 695.265     706     993       993 695.265     706     993
         99       993 695.265     706     993       993 695.265     706     993
        100       993 695.265     706     993       993 695.265     706     993
netalign score: 0.274399
==========================================================
metadata/email.edges
is_perm = False, has_noise = True, GraphType = Undirected
bandNumber = 1, adaptiveLSH = False, LSHType = Euclidean
noise_level = 0.05, nodeAttributeFile = None
matching score by ranking: 0.245546
matching score by correct match: 0.157105
percentage of pairs computed: 0.031390
best   iter    obj_ma wght_ma card_ma over_ma    obj_mb wght_mb card_mb over_mb
  *a      1       444 589.908    1015     444       444 589.908    1015     444
          2       169 312.307     570     169       152 295.448     528     152
          3       166  266.14     474     166       158 262.308     469     158
          4       183 379.638     626     183       182 375.276     623     182
  *a      5       541 533.224     935     541       525  532.78     926     525
          6       530 493.654     872     530       507 476.388     829     507
          7       178 325.049     585     178       174 329.306     582     174
          8       159 226.707     379     159       153 223.493     370     153
          9       227 255.376     413     227       222   259.6     421     222
  *a     10       565 520.418     877     565       538 512.414     865     538
  *a     11       652 528.836     917     652       650 525.399     899     650
         12       527 437.838     775     527       526 447.066     777     526
         13       301 279.768     477     301       303 296.807     490     303
         14       275 222.473     359     275       343 238.346     380     343
         15       509 331.636     549     509       515  334.67     553     515
  *a     16       755 506.897     849     755       754 506.517     840     754
  *a     17       861 526.068     898     861       847 514.011     873     847
         18       801 479.555     833     801       816 480.487     824     816
         19       721 399.767     675     721       723 395.536     668     723
         20       713 365.267     610     713       677 363.747     605     677
         21       746 365.738     610     746       760 369.758     614     760
  *b     22       892 440.079     736     892       895 438.592     738     895
  *a     23      1015  497.41     852    1015      1011 490.845     841    1011
  *a     24      1055 501.356     862    1055      1053 500.787     860    1053
  *a     25      1087  494.27     847    1087      1069 493.856     840    1069
         26      1073 469.268     802    1073      1068 476.144     809    1068
         27      1069 462.454     790    1069      1078 463.409     793    1078
  *b     28      1085 468.352     800    1085      1112 472.447     808    1112
  *b     29      1115 480.253     824    1115      1133 484.553     832    1133
  *b     30      1132  486.73     833    1132      1139 489.006     838    1139
  *a     31      1153 493.204     849    1153      1151   494.6     853    1151
  *a     32      1155 495.293     851    1155      1154 495.749     852    1154
  *b     33      1155 493.033     846    1155      1159 497.781     855    1159
         34      1153 494.248     847    1153      1156 494.593     849    1156
         35      1150 492.488     844    1150      1158 494.239     847    1158
         36      1156 494.711     848    1156      1158 494.555     849    1158
         37      1158 494.747     848    1158      1159 494.973     849    1159
  *a     38      1164 499.125     855    1164      1161 496.842     853    1161
  *a     39      1167  499.95     857    1167      1166 499.562     857    1166
         40      1166 500.833     859    1166      1166 500.654     858    1166
  *a     41      1169 500.531     860    1169      1166 501.289     860    1166
         42      1166 504.553     863    1166      1166 504.669     864    1166
         43      1168 508.201     868    1168      1168 508.023     868    1168
         44      1169 509.559     870    1169      1168 509.109     869    1168
         45      1169 511.176     873    1169      1168 510.976     872    1168
  *a     46      1170 512.061     875    1170      1169 512.111     874    1169
         47      1170 513.098     878    1170      1170 513.098     878    1170
         48      1168 513.756     879    1168      1170 514.446     880    1170
         49      1170 515.233     881    1170      1169 514.749     880    1169
         50      1170 515.551     881    1170      1170 515.373     881    1170
  *a     51      1172 517.534     885    1172      1171 516.914     884    1171
  *b     52      1173 518.675     886    1173      1174 519.291     887    1174
  *b     53      1174 517.923     886    1174      1175 517.972     886    1175
         54      1173 520.263     888    1173      1175 521.455     890    1175
         55      1173 521.494     889    1173      1174 522.069     890    1174
         56      1174 522.096     891    1174      1173 521.158     890    1173
         57      1175 522.777     892    1175      1169  521.11     890    1169
         58      1174 521.959     891    1174      1169  521.11     890    1169
         59      1175 523.374     893    1175      1169 521.707     891    1169
         60      1175 523.472     893    1175      1169 521.804     891    1169
         61      1175 524.727     894    1175      1169  523.06     892    1169
         62      1174 524.025     893    1174      1174 524.025     893    1174
  *a     63      1176  525.18     896    1176      1176  525.18     896    1176
         64      1175 524.816     895    1175      1176  525.18     896    1176
         65      1176 526.513     897    1176      1176 526.513     897    1176
         66      1176 526.513     897    1176      1171 525.784     896    1171
         67      1176 526.513     897    1176      1171 525.784     896    1171
         68      1176 526.513     897    1176      1176 526.513     897    1176
         69      1176 525.789     896    1176      1175 525.148     895    1175
         70      1175 525.552     895    1175      1174 524.613     894    1174
         71      1175 525.552     895    1175      1174 524.613     894    1174
         72      1174 524.613     894    1174      1174 524.613     894    1174
         73      1174 523.855     893    1174      1174 523.855     893    1174
         74      1174 523.855     893    1174      1174 523.855     893    1174
         75      1174 523.472     892    1174      1174 523.472     892    1174
         76      1174  523.24     892    1174      1174  523.24     892    1174
         77      1174 521.985     891    1174      1174 521.985     891    1174
         78      1174 521.985     891    1174      1174 521.985     891    1174
         79      1174 521.426     890    1174      1174 521.426     890    1174
         80      1174  521.29     890    1174      1174  521.29     890    1174
         81      1174  521.29     890    1174      1174  521.29     890    1174
         82      1174 521.226     890    1174      1174 521.226     890    1174
         83      1174 521.198     889    1174      1174 521.198     889    1174
         84      1174 520.533     889    1174      1174 520.533     889    1174
         85      1174 518.186     886    1174      1174 518.186     886    1174
         86      1174 516.555     884    1174      1174 516.555     884    1174
         87      1174 516.076     883    1174      1174 516.076     883    1174
         88      1174 516.076     883    1174      1174 516.076     883    1174
         89      1174 515.946     882    1174      1174 515.946     882    1174
         90      1174 515.104     881    1174      1174 515.104     881    1174
         91      1174 515.064     881    1174      1174 515.064     881    1174
         92      1174 514.141     880    1174      1174 514.141     880    1174
         93      1174 513.707     879    1174      1174 513.707     879    1174
         94      1174 512.109     877    1174      1174 512.109     877    1174
         95      1174 511.777     875    1174      1174 511.777     875    1174
         96      1174 511.835     875    1174      1174 511.835     875    1174
         97      1174 510.753     873    1174      1174 510.753     873    1174
         98      1174 509.023     870    1174      1174 509.023     870    1174
         99      1174 508.975     870    1174      1174 508.975     870    1174
        100      1174 508.059     869    1174      1174 508.059     869    1174
netalign score: 0.272321
==========================================================
metadata/email.edges
is_perm = False, has_noise = True, GraphType = Undirected
bandNumber = 1, adaptiveLSH = False, LSHType = Euclidean
noise_level = 0.05, nodeAttributeFile = None
matching score by ranking: 0.168665
matching score by correct match: 0.052074
percentage of pairs computed: 0.023228
best   iter    obj_ma wght_ma card_ma over_ma    obj_mb wght_mb card_mb over_mb
  *a      1       259  475.57     940     259       259  475.57     940     259
          2       150 289.498     622     150       134  250.71     520     134
          3       120 221.515     440     120       103 234.628     452     103
          4       248 357.421     717     248       253 367.932     734     253
  *a      5       354 414.391     845     354       340 414.076     829     340
          6       251   299.8     627     251       248 311.461     634     248
          7       169 234.082     493     169       180 273.637     543     180
          8       222 239.037     483     222       242 269.301     541     242
  *b      9       393 372.389     763     393       398 372.768     766     398
  *b     10       437 390.452     801     437       439 388.863     793     439
         11       354 312.045     656     354       379 331.413     675     379
         12       288 240.883     510     288       310 283.814     568     310
         13       345 270.978     548     345       373 279.464     566     373
  *b     14       459 360.833     732     459       469   369.8     746     469
  *a     15       544 389.794     802     544       539 381.682     786     539
         16       516 344.487     719     516       516 345.763     716     516
         17       496 308.532     642     496       515 332.662     678     515
         18       507 305.412     629     507       517 313.896     642     517
  *b     19       524 325.703     667     524       552 338.457     688     552
  *a     20       590  367.53     758     590       584 364.228     755     584
  *a     21       611 372.932     770     611       604  369.94     765     604
  *a     22       621 357.031     743     621       620 364.018     752     620
         23       604 335.044     704     604       615 350.066     730     615
  *b     24       604 338.615     704     604       624 345.561     720     624
  *b     25       617 349.656     728     617       627 349.415     728     627
  *b     26       633 360.223     748     633       638 361.055     748     638
  *a     27       652 371.719     769     652       648 371.525     770     648
  *a     28       662 374.639     776     662       658 379.733     784     658
  *b     29       664 374.182     777     664       668 379.471     785     668
         30       658 373.197     773     658       664  381.63     786     664
         31       657 373.546     770     657       667 380.458     782     667
         32       657  377.59     778     657       660 379.243     780     660
         33       661 379.145     781     661       664 380.924     783     664
         34       665 383.046     787     665       667 383.964     789     667
  *b     35       669 381.587     785     669       670 384.711     790     670
  *b     36       672 384.683     789     672       676 387.567     794     676
         37       674 390.491     797     674       675 390.517     798     675
         38       673 394.498     804     673       676  395.89     808     676
  *b     39       673 395.124     806     673       677 396.154     809     677
         40       673 398.394     812     673       675 398.924     813     675
         41       671 400.154     818     671       673 401.977     820     673
         42       670  400.14     820     670       671 401.403     821     671
         43       671 401.944     824     671       670 401.258     823     670
         44       669 401.352     824     669       670 401.837     825     670
         45       670 403.712     828     670       671 404.197     829     671
         46       668 403.958     827     668       670 404.146     828     670
         47       668 403.998     827     668       670 404.186     828     670
         48       671 404.468     829     671       671 404.468     829     671
         49       672 406.318     833     672       672 406.318     833     672
         50       671 406.578     834     671       672 407.233     835     672
         51       671 407.181     835     671       670 406.836     834     670
         52       670 408.043     835     670       670 408.043     835     670
         53       669  408.45     836     669       670 408.808     837     670
         54       668 408.473     836     668       670 409.493     838     670
         55       668 410.175     839     668       670 411.196     841     670
         56       670 411.196     841     670       670 411.196     841     670
         57       670 410.472     841     670       670 410.472     841     670
         58       670 410.446     841     670       670 410.446     841     670
         59       672 412.747     845     672       672 412.681     845     672
         60       672 412.681     845     672       672 412.681     845     672
         61       672 412.638     845     672       672 412.638     845     672
         62       672 412.681     845     672       672 412.681     845     672
         63       672 412.648     845     672       672 412.648     845     672
         64       672 412.823     846     672       672 412.823     846     672
         65       672 412.823     846     672       672 412.823     846     672
         66       672 412.823     846     672       672 412.823     846     672
         67       672 412.823     846     672       672 412.823     846     672
         68       672 412.823     846     672       672 412.823     846     672
         69       672 412.823     846     672       672 412.823     846     672
         70       672 412.823     846     672       672 412.823     846     672
         71       672 412.823     846     672       672 412.823     846     672
         72       672 412.823     846     672       672 412.823     846     672
         73       672 412.823     846     672       672 412.823     846     672
         74       672 412.648     845     672       672 412.648     845     672
         75       672 412.681     845     672       672 412.681     845     672
         76       672 412.638     845     672       672 412.638     845     672
         77       672 412.707     845     672       672 412.707     845     672
         78       672 411.944     844     672       672 411.944     844     672
         79       672 411.944     844     672       672 411.944     844     672
         80       672 410.639     842     672       672 410.639     842     672
         81       672 410.665     842     672       672 410.665     842     672
         82       672 411.389     842     672       672 411.389     842     672
         83       672 411.389     842     672       672 411.389     842     672
         84       672 410.371     840     672       672 410.371     840     672
         85       672 409.687     839     672       672 409.687     839     672
         86       672 409.001     838     672       672 409.001     838     672
         87       672 408.237     836     672       672 408.237     836     672
         88       672 407.029     835     672       672 407.029     835     672
         89       672 406.426     834     672       672 406.426     834     672
         90       672 405.885     833     672       672 405.885     833     672
         91       672  405.51     832     672       672  405.51     832     672
         92       672 405.049     830     672       672 405.049     830     672
         93       672 404.294     829     672       672 404.294     829     672
         94       672 404.379     829     672       672 404.379     829     672
         95       672 404.375     829     672       672 404.375     829     672
         96       672 403.458     829     672       672 403.458     829     672
         97       672 403.261     828     672       672 403.261     828     672
         98       672 402.222     826     672       672 402.222     826     672
         99       672 401.317     825     672       672 401.317     825     672
        100       672 400.996     823     672       672 400.996     823     672
netalign score: 0.011125
==========================================================
metadata/email.edges
is_perm = False, has_noise = True, GraphType = Undirected
bandNumber = 1, adaptiveLSH = False, LSHType = Euclidean
noise_level = 0.05, nodeAttributeFile = None
matching score by ranking: 0.181471
matching score by correct match: 0.108561
percentage of pairs computed: 0.077528
best   iter    obj_ma wght_ma card_ma over_ma    obj_mb wght_mb card_mb over_mb
  *a      1       343 521.026     947     343       343 521.026     947     343
          2        48 85.8076     208      48        53 65.7898     184      53
          3        87 100.852     224      87        79 101.009     222      79
          4        71 116.609     204      71        69 117.225     207      69
          5       239 487.583     906     239       229 486.146     902     229
          6       318  403.27     774     318       321 382.369     740     321
          7        20 84.2554     191      20        22 59.8314     161      22
          8        38 48.4053      97      38        63  49.002     103      63
          9        53 40.9967      85      53        56 43.1706      90      56
         10       178 388.061     680     178       174 389.509     684     174
  *b     11       359 503.674     924     359       365 491.673     910     365
         12       291  297.95     602     291       296 269.955     570     296
         13        85 204.873     395      85        67 180.535     375      67
         14        50 89.1878     163      50        66  93.019     173      66
         15        82 88.1089     165      82        85 89.8644     165      85
         16       150 273.608     467     150       148 274.538     469     148
         17       315 467.501     845     315       325 457.619     835     325
  *a     18       404 443.512     836     404       394 420.304     804     394
         19       370 333.252     637     370       343 302.294     606     343
         20       191 195.873     378     191       237 206.593     414     237
         21       143 128.122     238     143       189 149.682     286     189
         22       198 134.097     259     198       204 141.912     272     204
         23       290 216.333     395     290       286 218.607     402     286
  *a     24       424 358.563     648     424       422 357.254     646     422
  *b     25       564 435.987     818     564       573 431.702     810     573
  *a     26       701 421.753     796     701       658 413.802     791     658
         27       683 363.384     694     683       681 369.109     719     681
         28       635 312.836     608     635       637 333.009     644     637
         29       548 286.414     548     548       614 311.528     602     614
         30       515 272.482     523     515       605  303.47     587     605
         31       595 301.965     586     595       634 310.413     603     634
         32       689 346.843     666     689       694 349.127     670     694
  *b     33       749 391.433     744     749       759  393.12     746     759
  *b     34       802  406.07     776     802       821 403.112     779     821
  *a     35       857 405.733     784     857       854 408.257     791     854
  *b     36       862 392.046     765     862       888 401.291     780     888
  *b     37       887 385.409     757     887       897 390.811     771     897
  *b     38       891  386.06     757     891       903 386.325     763     903
  *b     39       897 387.189     760     897       913 389.772     767     913
         40       896 388.247     763     896       913 394.884     776     913
  *b     41       910 392.713     770     910       929 397.754     777     929
  *a     42       948 400.405     785     948       947 399.315     782     947
  *b     43       946 400.474     783     946       953 401.847     788     953
  *b     44       951 401.328     786     951       958 402.737     790     958
         45       952  402.03     788     952       957 402.154     789     957
  *b     46       959  404.02     791     959       961  404.54     794     961
  *b     47       959  403.23     791     959       962 403.894     794     962
  *b     48       960 401.737     790     960       965 403.904     794     965
         49       963 404.405     793     963       964 405.079     795     964
         50       965 405.945     796     965       964 405.142     795     964
  *b     51       968 406.832     798     968       969 406.966     798     969
  *b     52       972 407.455     798     972       975 408.696     801     975
  *b     53       973   406.5     797     973       977 408.188     800     977
  *b     54       979 407.832     800     979       982 409.604     803     982
         55       979 407.588     800     979       982 409.362     803     982
         56       980 409.775     803     980       982 410.707     805     982
  *b     57       980 410.321     804     980       984 412.592     808     984
  *b     58       982 410.628     805     982       987 413.517     810     987
  *b     59       984 411.123     806     984       989  414.43     811     989
         60       983 410.638     805     983       985 412.436     807     985
         61       985 411.523     807     985       984 410.941     806     984
         62       985 411.096     808     985       983 409.946     806     983
         63       987 412.922     811     987       986 412.355     810     986
         64       988 413.439     812     988       981 412.133     810     981
         65       988 413.388     812     988       988 413.388     812     988
         66       987 413.218     811     987       988 413.388     812     988
         67       986 412.751     810     986       988 413.388     812     988
         68       986 412.462     810     986       988 413.556     812     988
         69       986 412.462     810     986       988 413.556     812     988
         70       985 412.263     809     985       987 413.097     811     987
         71       985 411.776     809     985       986 412.469     810     986
         72       985 411.776     809     985       984 411.107     808     984
         73       986 412.469     810     986       986 412.469     810     986
         74       986 412.469     810     986       986 412.469     810     986
         75       986  412.57     810     986       986  412.57     810     986
         76       984 411.301     807     984       986 411.618     808     986
         77       984 412.058     807     984       986 412.375     808     986
         78       984 412.058     807     984       978  411.32     806     978
         79       984 412.058     807     984       978  411.32     806     978
         80       984 412.058     807     984       978  411.32     806     978
         81       985 411.705     807     985       986 412.375     808     986
         82       985 410.989     806     985       985 410.965     806     985
         83       985 410.988     806     985       984 410.296     805     984
         84       984 408.408     803     984       984 408.408     803     984
         85       984 408.408     803     984       984 408.408     803     984
         86       984 408.408     803     984       984 408.408     803     984
         87       984 408.408     803     984       984 408.408     803     984
         88       984 408.408     803     984       984 408.408     803     984
         89       984 408.408     803     984       984 408.408     803     984
         90       984 408.408     803     984       984 408.408     803     984
         91       984 408.408     803     984       984 408.408     803     984
         92       984 408.408     803     984       984 408.408     803     984
         93       984 408.408     803     984       984 408.408     803     984
         94       984 408.408     803     984       984 408.408     803     984
         95       984 408.408     803     984       984 408.408     803     984
         96       984 408.408     803     984       984 408.408     803     984
         97       984 408.036     802     984       984 408.036     802     984
         98       984 408.036     802     984       984 408.036     802     984
         99       984 408.036     802     984       984 408.036     802     984
        100       984 408.036     802     984       984 408.036     802     984
netalign score: 0.017263
