==========================================================
metadata/email.edges
is_perm = False, has_noise = True, GraphType = Undirected
bandNumber = 4, adaptiveLSH = False, LSHType = Cosine
noise_level = 0.05, nodeAttributeFile = None
matching score by ranking: 0.168365
matching score by correct match: 0.094440
percentage of pairs computed: 1.000000
best   iter    obj_ma wght_ma card_ma over_ma    obj_mb wght_mb card_mb over_mb
  *a      1       215 2998.63    1133     215       215 2998.63    1133     215
          2         0 3.98934       1       0         0 3.98934       1       0
          3         0 24.6411       7       0         1 23.5928       7       1
          4         0  2.8721       1       0         0       0       0       0
          5         0       0       0       0         0       0       0       0
          6        42 2039.67    1109      42        42 2039.67    1109      42
  *a      7       248 2396.67     882     248       244  2221.3     784     244
          8        28 94.3019      47      28        26 86.8903      37      26
          9        13 144.824      44      13        10  101.63      30      10
         10         0 28.0272       8       0         0       0       0       0
         11         0       0       0       0         0       0       0       0
         12         0       0       0       0         0       0       0       0
         13         4 469.261     207       4         4 469.261     207       4
         14        97 2824.35    1098      97        98 2816.66    1095      98
         15       222 2061.05     760     222       229 1859.62     660     229
         16        23 97.7208      61      23        18 80.5169      43      18
         17         5 64.5375      19       5         6 45.4807      14       6
         18         0 3.97787       1       0         0 3.89655       1       0
         19         0       0       0       0         0       0       0       0
         20         0       0       0       0         0       0       0       0
         21         0       0       0       0         0       0       0       0
         22         0       0       0       0         0       0       0       0
         23         1 90.3131      39       1         1 90.3131      39       1
         24        12 1388.15     618      12        12 1388.15     618      12
         25       101 2438.46    1113     101       103 2358.49    1074     103
  *a     26       287 2209.99     825     287       268 2153.26     750     268
         27        11 44.0966      19      11        11 47.3105      18      11
         28        13 113.702      34      13        10 105.574      31      10
         29         0 9.36143       3       0         0       0       0       0
         30         0       0       0       0         0       0       0       0
         31         0       0       0       0         0       0       0       0
         32         0       0       0       0         0       0       0       0
         33         0       0       0       0         0       0       0       0
         34         0       0       0       0         0       0       0       0
         35         0       0       0       0         0       0       0       0
         36         0       0       0       0         0       0       0       0
         37         0       0       0       0         0       0       0       0
         38         0       0       0       0         0       0       0       0
         39         0       0       0       0         0       0       0       0
         40         0       0       0       0         0       0       0       0
         41         0       0       0       0         0       0       0       0
         42         0       0       0       0         0       0       0       0
         43         0       0       0       0         0       0       0       0
         44         0       0       0       0         0       0       0       0
         45         0       0       0       0         0       0       0       0
         46         0       0       0       0         0       0       0       0
         47         0       0       0       0         0       0       0       0
         48         0       0       0       0         0       0       0       0
         49         0       0       0       0         0       0       0       0
         50         0       0       0       0         0       0       0       0
         51         0       0       0       0         0       0       0       0
         52         0       0       0       0         0       0       0       0
         53         0       0       0       0         0       0       0       0
         54         0       0       0       0         0       0       0       0
         55         0       0       0       0         0       0       0       0
         56         0       0       0       0         0       0       0       0
         57         0       0       0       0         0       0       0       0
         58         0       0       0       0         0       0       0       0
         59         0       0       0       0         0       0       0       0
         60         0       0       0       0         0       0       0       0
         61         0       0       0       0         0       0       0       0
         62         0       0       0       0         0       0       0       0
         63         0       0       0       0         0       0       0       0
         64         0       0       0       0         0       0       0       0
         65         0       0       0       0         0       0       0       0
         66         0       0       0       0         0       0       0       0
         67         0       0       0       0         0       0       0       0
         68         0       0       0       0         0       0       0       0
         69         0       0       0       0         0       0       0       0
         70         0       0       0       0         0       0       0       0
         71         0       0       0       0         0       0       0       0
         72         0       0       0       0         0       0       0       0
         73         0       0       0       0         0       0       0       0
         74         0       0       0       0         0       0       0       0
         75         0       0       0       0         0       0       0       0
         76         0       0       0       0         0       0       0       0
         77         0       0       0       0         0       0       0       0
         78         0       0       0       0         0       0       0       0
         79         0       0       0       0         0       0       0       0
         80         0       0       0       0         0       0       0       0
         81         0       0       0       0         0       0       0       0
         82         0       0       0       0         0       0       0       0
         83         0       0       0       0         0       0       0       0
         84         0       0       0       0         0       0       0       0
         85         0       0       0       0         0       0       0       0
         86         0       0       0       0         0       0       0       0
         87         0       0       0       0         0       0       0       0
         88         0       0       0       0         0       0       0       0
         89         0       0       0       0         0       0       0       0
         90         0       0       0       0         0       0       0       0
         91         0       0       0       0         0       0       0       0
         92         0       0       0       0         0       0       0       0
         93         0       0       0       0         0       0       0       0
         94         0       0       0       0         0       0       0       0
         95         0       0       0       0         0       0       0       0
         96         0       0       0       0         0       0       0       0
         97         0       0       0       0         0       0       0       0
         98         0       0       0       0         0       0       0       0
         99         0       0       0       0         0       0       0       0
        100         0       0       0       0         0       0       0       0
netalign score: 0.046061
==========================================================
metadata/email.edges
is_perm = False, has_noise = True, GraphType = Undirected
bandNumber = 4, adaptiveLSH = False, LSHType = Cosine
noise_level = 0.05, nodeAttributeFile = None
matching score by ranking: 0.122255
matching score by correct match: 0.064431
percentage of pairs computed: 1.000000
best   iter    obj_ma wght_ma card_ma over_ma    obj_mb wght_mb card_mb over_mb
  *a      1       215 3020.16    1133     215       215 3020.16    1133     215
          2         0 2.99201       1       0         0 2.99201       1       0
          3         0 22.6796       7       0         1 23.5836       7       1
          4         0  2.8721       1       0         0       0       0       0
          5         0       0       0       0         0       0       0       0
          6        42 2113.38    1109      42        42 2113.38    1109      42
